<?xml version="1.0" encoding="UTF-8"?>
<coverage generated="1662844252404" clover="3.2.0">
  <project timestamp="1662844252404" name="All files">
    <metrics statements="51" coveredstatements="50" conditionals="23" coveredconditionals="17" methods="23" coveredmethods="19" elements="97" coveredelements="86" complexity="0" loc="51" ncloc="51" packages="4" files="6" classes="6"/>
    <package name="pages">
      <metrics statements="6" coveredstatements="6" conditionals="0" coveredconditionals="0" methods="3" coveredmethods="2"/>
      <file name="HomePage.js" path="/home/debian/data/Robert-Apollo-Udemy/mern-stack/frontend/src/pages/HomePage.js">
        <metrics statements="6" coveredstatements="6" conditionals="0" coveredconditionals="0" methods="3" coveredmethods="2"/>
        <line num="5" count="1" type="stmt"/>
        <line num="6" count="1" type="stmt"/>
        <line num="7" count="1" type="stmt"/>
        <line num="10" count="1" type="stmt"/>
        <line num="12" count="1" type="stmt"/>
        <line num="14" count="1" type="stmt"/>
      </file>
    </package>
    <package name="pages.admin">
      <metrics statements="4" coveredstatements="4" conditionals="0" coveredconditionals="0" methods="3" coveredmethods="2"/>
      <file name="AdminChatsPage.js" path="/home/debian/data/Robert-Apollo-Udemy/mern-stack/frontend/src/pages/admin/AdminChatsPage.js">
        <metrics statements="4" coveredstatements="4" conditionals="0" coveredconditionals="0" methods="3" coveredmethods="2"/>
        <line num="7" count="1" type="stmt"/>
        <line num="8" count="2" type="stmt"/>
        <line num="10" count="2" type="stmt"/>
        <line num="18" count="2" type="stmt"/>
      </file>
    </package>
    <package name="pages.components">
      <metrics statements="34" coveredstatements="33" conditionals="23" coveredconditionals="17" methods="11" coveredmethods="9"/>
      <file name="HomePageComponent.js" path="/home/debian/data/Robert-Apollo-Udemy/mern-stack/frontend/src/pages/components/HomePageComponent.js">
        <metrics statements="12" coveredstatements="11" conditionals="4" coveredconditionals="2" methods="7" coveredmethods="5"/>
        <line num="8" count="2" type="stmt"/>
        <line num="10" count="9" type="stmt"/>
        <line num="11" count="9" type="stmt"/>
        <line num="12" count="9" type="stmt"/>
        <line num="14" count="9" type="stmt"/>
        <line num="15" count="3" type="stmt"/>
        <line num="17" count="2" type="stmt"/>
        <line num="20" count="1" type="cond" truecount="1" falsecount="1"/>
        <line num="21" count="1" type="cond" truecount="1" falsecount="1"/>
        <line num="23" count="3" type="stmt"/>
        <line num="26" count="9" type="stmt"/>
        <line num="33" count="0" type="stmt"/>
      </file>
      <file name="LoginPageComponent.js" path="/home/debian/data/Robert-Apollo-Udemy/mern-stack/frontend/src/pages/components/LoginPageComponent.js">
        <metrics statements="22" coveredstatements="22" conditionals="19" coveredconditionals="15" methods="4" coveredmethods="4"/>
        <line num="6" count="1" type="stmt"/>
        <line num="7" count="7" type="stmt"/>
        <line num="8" count="7" type="stmt"/>
        <line num="14" count="7" type="stmt"/>
        <line num="16" count="7" type="stmt"/>
        <line num="17" count="2" type="stmt"/>
        <line num="18" count="2" type="stmt"/>
        <line num="19" count="2" type="stmt"/>
        <line num="21" count="2" type="stmt"/>
        <line num="22" count="2" type="stmt"/>
        <line num="23" count="2" type="stmt"/>
        <line num="25" count="2" type="cond" truecount="4" falsecount="1"/>
        <line num="26" count="2" type="stmt"/>
        <line num="27" count="2" type="stmt"/>
        <line num="29" count="1" type="stmt"/>
        <line num="31" count="1" type="cond" truecount="1" falsecount="1"/>
        <line num="32" count="1" type="stmt"/>
        <line num="35" count="1" type="cond" truecount="3" falsecount="1"/>
        <line num="36" count="1" type="stmt"/>
        <line num="40" count="1" type="cond" truecount="1" falsecount="1"/>
        <line num="44" count="2" type="stmt"/>
        <line num="47" count="7" type="stmt"/>
      </file>
    </package>
    <package name="utils">
      <metrics statements="7" coveredstatements="7" conditionals="0" coveredconditionals="0" methods="6" coveredmethods="6"/>
      <file name="exampleComponent.js" path="/home/debian/data/Robert-Apollo-Udemy/mern-stack/frontend/src/utils/exampleComponent.js">
        <metrics statements="5" coveredstatements="5" conditionals="0" coveredconditionals="0" methods="5" coveredmethods="5"/>
        <line num="3" count="1" type="stmt"/>
        <line num="4" count="6" type="stmt"/>
        <line num="5" count="6" type="stmt"/>
        <line num="6" count="6" type="stmt"/>
        <line num="7" count="6" type="stmt"/>
      </file>
      <file name="exampleModule.js" path="/home/debian/data/Robert-Apollo-Udemy/mern-stack/frontend/src/utils/exampleModule.js">
        <metrics statements="2" coveredstatements="2" conditionals="0" coveredconditionals="0" methods="1" coveredmethods="1"/>
        <line num="2" count="1" type="stmt"/>
        <line num="4" count="1" type="stmt"/>
      </file>
    </package>
  </project>
</coverage>
