{"/home/debian/data/Robert-Apollo-Udemy/mern-stack/frontend/src/pages/HomePage.js": {"path":"/home/debian/data/Robert-Apollo-Udemy/mern-stack/frontend/src/pages/HomePage.js","statementMap":{"0":{"start":{"line":5,"column":23},"end":{"line":8,"column":1}},"1":{"start":{"line":6,"column":21},"end":{"line":6,"column":65}},"2":{"start":{"line":7,"column":4},"end":{"line":7,"column":16}},"3":{"start":{"line":10,"column":17},"end":{"line":15,"column":1}},"4":{"start":{"line":12,"column":27},"end":{"line":12,"column":70}},"5":{"start":{"line":12,"column":50},"end":{"line":12,"column":69}},"6":{"start":{"line":14,"column":2},"end":{"line":14,"column":87}}},"fnMap":{"0":{"name":"(anonymous_0)","decl":{"start":{"line":5,"column":23},"end":{"line":5,"column":24}},"loc":{"start":{"line":5,"column":35},"end":{"line":8,"column":1}},"line":5},"1":{"name":"(anonymous_1)","decl":{"start":{"line":10,"column":17},"end":{"line":10,"column":18}},"loc":{"start":{"line":10,"column":23},"end":{"line":15,"column":1}},"line":10},"2":{"name":"(anonymous_2)","decl":{"start":{"line":12,"column":39},"end":{"line":12,"column":40}},"loc":{"start":{"line":12,"column":50},"end":{"line":12,"column":69}},"line":12}},"branchMap":{},"s":{"0":1,"1":1,"2":1,"3":1,"4":1,"5":0,"6":1},"f":{"0":1,"1":1,"2":0},"b":{},"_coverageSchema":"1a1c01bbd47fc00a2c39e90264f33305004495a9","hash":"52587a66de2bc79f61243ecd2150013ac5f423f3"}
,"/home/debian/data/Robert-Apollo-Udemy/mern-stack/frontend/src/pages/admin/AdminChatsPage.js": {"path":"/home/debian/data/Robert-Apollo-Udemy/mern-stack/frontend/src/pages/admin/AdminChatsPage.js","statementMap":{"0":{"start":{"line":7,"column":23},"end":{"line":24,"column":1}},"1":{"start":{"line":8,"column":32},"end":{"line":8,"column":71}},"2":{"start":{"line":8,"column":55},"end":{"line":8,"column":70}},"3":{"start":{"line":10,"column":2},"end":{"line":23,"column":4}},"4":{"start":{"line":18,"column":12},"end":{"line":18,"column":134}}},"fnMap":{"0":{"name":"(anonymous_0)","decl":{"start":{"line":7,"column":23},"end":{"line":7,"column":24}},"loc":{"start":{"line":7,"column":29},"end":{"line":24,"column":1}},"line":7},"1":{"name":"(anonymous_1)","decl":{"start":{"line":8,"column":44},"end":{"line":8,"column":45}},"loc":{"start":{"line":8,"column":55},"end":{"line":8,"column":70}},"line":8},"2":{"name":"(anonymous_2)","decl":{"start":{"line":17,"column":41},"end":{"line":17,"column":42}},"loc":{"start":{"line":18,"column":12},"end":{"line":18,"column":134}},"line":18}},"branchMap":{},"s":{"0":1,"1":2,"2":0,"3":2,"4":2},"f":{"0":2,"1":0,"2":2},"b":{},"_coverageSchema":"1a1c01bbd47fc00a2c39e90264f33305004495a9","hash":"c9ad73223cb1d67e7f779cc399cfdafdeae610b3"}
,"/home/debian/data/Robert-Apollo-Udemy/mern-stack/frontend/src/pages/components/HomePageComponent.js": {"path":"/home/debian/data/Robert-Apollo-Udemy/mern-stack/frontend/src/pages/components/HomePageComponent.js","statementMap":{"0":{"start":{"line":8,"column":26},"end":{"line":40,"column":1}},"1":{"start":{"line":10,"column":48},"end":{"line":10,"column":60}},"2":{"start":{"line":11,"column":42},"end":{"line":11,"column":54}},"3":{"start":{"line":12,"column":30},"end":{"line":12,"column":42}},"4":{"start":{"line":14,"column":4},"end":{"line":24,"column":20}},"5":{"start":{"line":15,"column":8},"end":{"line":22,"column":11}},"6":{"start":{"line":17,"column":12},"end":{"line":17,"column":33}},"7":{"start":{"line":20,"column":12},"end":{"line":20,"column":92}},"8":{"start":{"line":21,"column":11},"end":{"line":21,"column":94}},"9":{"start":{"line":23,"column":8},"end":{"line":23,"column":90}},"10":{"start":{"line":23,"column":35},"end":{"line":23,"column":88}},"11":{"start":{"line":23,"column":63},"end":{"line":23,"column":87}},"12":{"start":{"line":26,"column":2},"end":{"line":39,"column":4}},"13":{"start":{"line":33,"column":12},"end":{"line":33,"column":77}}},"fnMap":{"0":{"name":"(anonymous_0)","decl":{"start":{"line":8,"column":26},"end":{"line":8,"column":27}},"loc":{"start":{"line":8,"column":62},"end":{"line":40,"column":1}},"line":8},"1":{"name":"(anonymous_1)","decl":{"start":{"line":14,"column":14},"end":{"line":14,"column":15}},"loc":{"start":{"line":14,"column":20},"end":{"line":24,"column":5}},"line":14},"2":{"name":"(anonymous_2)","decl":{"start":{"line":16,"column":14},"end":{"line":16,"column":15}},"loc":{"start":{"line":16,"column":24},"end":{"line":18,"column":9}},"line":16},"3":{"name":"(anonymous_3)","decl":{"start":{"line":19,"column":15},"end":{"line":19,"column":16}},"loc":{"start":{"line":19,"column":23},"end":{"line":22,"column":9}},"line":19},"4":{"name":"(anonymous_4)","decl":{"start":{"line":23,"column":26},"end":{"line":23,"column":27}},"loc":{"start":{"line":23,"column":35},"end":{"line":23,"column":88}},"line":23},"5":{"name":"(anonymous_5)","decl":{"start":{"line":23,"column":53},"end":{"line":23,"column":54}},"loc":{"start":{"line":23,"column":63},"end":{"line":23,"column":87}},"line":23},"6":{"name":"(anonymous_6)","decl":{"start":{"line":32,"column":30},"end":{"line":32,"column":31}},"loc":{"start":{"line":33,"column":12},"end":{"line":33,"column":77}},"line":33}},"branchMap":{"0":{"loc":{"start":{"line":20,"column":21},"end":{"line":20,"column":91}},"type":"cond-expr","locations":[{"start":{"line":20,"column":48},"end":{"line":20,"column":72}},{"start":{"line":20,"column":75},"end":{"line":20,"column":91}}],"line":20},"1":{"loc":{"start":{"line":21,"column":23},"end":{"line":21,"column":93}},"type":"cond-expr","locations":[{"start":{"line":21,"column":50},"end":{"line":21,"column":74}},{"start":{"line":21,"column":77},"end":{"line":21,"column":93}}],"line":21}},"s":{"0":2,"1":9,"2":9,"3":9,"4":9,"5":3,"6":2,"7":1,"8":1,"9":3,"10":3,"11":0,"12":9,"13":0},"f":{"0":9,"1":3,"2":2,"3":1,"4":3,"5":0,"6":0},"b":{"0":[1,0],"1":[1,0]},"_coverageSchema":"1a1c01bbd47fc00a2c39e90264f33305004495a9","hash":"c74046719991edfff93fc6e008d2db9adce71720"}
,"/home/debian/data/Robert-Apollo-Udemy/mern-stack/frontend/src/pages/components/LoginPageComponent.js": {"path":"/home/debian/data/Robert-Apollo-Udemy/mern-stack/frontend/src/pages/components/LoginPageComponent.js","statementMap":{"0":{"start":{"line":6,"column":27},"end":{"line":115,"column":1}},"1":{"start":{"line":7,"column":36},"end":{"line":7,"column":51}},"2":{"start":{"line":8,"column":62},"end":{"line":12,"column":4}},"3":{"start":{"line":14,"column":19},"end":{"line":14,"column":32}},"4":{"start":{"line":16,"column":23},"end":{"line":45,"column":3}},"5":{"start":{"line":17,"column":4},"end":{"line":17,"column":27}},"6":{"start":{"line":18,"column":4},"end":{"line":18,"column":28}},"7":{"start":{"line":19,"column":17},"end":{"line":19,"column":45}},"8":{"start":{"line":21,"column":18},"end":{"line":21,"column":34}},"9":{"start":{"line":22,"column":21},"end":{"line":22,"column":40}},"10":{"start":{"line":23,"column":24},"end":{"line":23,"column":48}},"11":{"start":{"line":25,"column":4},"end":{"line":42,"column":5}},"12":{"start":{"line":26,"column":8},"end":{"line":26,"column":53}},"13":{"start":{"line":27,"column":6},"end":{"line":41,"column":10}},"14":{"start":{"line":29,"column":12},"end":{"line":29,"column":91}},"15":{"start":{"line":31,"column":12},"end":{"line":33,"column":13}},"16":{"start":{"line":32,"column":16},"end":{"line":32,"column":67}},"17":{"start":{"line":35,"column":12},"end":{"line":36,"column":56}},"18":{"start":{"line":35,"column":79},"end":{"line":35,"column":110}},"19":{"start":{"line":36,"column":17},"end":{"line":36,"column":56}},"20":{"start":{"line":40,"column":10},"end":{"line":40,"column":118}},"21":{"start":{"line":44,"column":4},"end":{"line":44,"column":23}},"22":{"start":{"line":47,"column":2},"end":{"line":114,"column":4}}},"fnMap":{"0":{"name":"(anonymous_0)","decl":{"start":{"line":6,"column":27},"end":{"line":6,"column":28}},"loc":{"start":{"line":6,"column":90},"end":{"line":115,"column":1}},"line":6},"1":{"name":"(anonymous_1)","decl":{"start":{"line":16,"column":23},"end":{"line":16,"column":24}},"loc":{"start":{"line":16,"column":34},"end":{"line":45,"column":3}},"line":16},"2":{"name":"(anonymous_2)","decl":{"start":{"line":28,"column":14},"end":{"line":28,"column":15}},"loc":{"start":{"line":28,"column":23},"end":{"line":38,"column":9}},"line":28},"3":{"name":"(anonymous_3)","decl":{"start":{"line":39,"column":15},"end":{"line":39,"column":16}},"loc":{"start":{"line":40,"column":10},"end":{"line":40,"column":118}},"line":40}},"branchMap":{"0":{"loc":{"start":{"line":25,"column":4},"end":{"line":42,"column":5}},"type":"if","locations":[{"start":{"line":25,"column":4},"end":{"line":42,"column":5}},{"start":{},"end":{}}],"line":25},"1":{"loc":{"start":{"line":25,"column":8},"end":{"line":25,"column":73}},"type":"binary-expr","locations":[{"start":{"line":25,"column":8},"end":{"line":25,"column":52}},{"start":{"line":25,"column":56},"end":{"line":25,"column":61}},{"start":{"line":25,"column":65},"end":{"line":25,"column":73}}],"line":25},"2":{"loc":{"start":{"line":31,"column":12},"end":{"line":33,"column":13}},"type":"if","locations":[{"start":{"line":31,"column":12},"end":{"line":33,"column":13}},{"start":{},"end":{}}],"line":31},"3":{"loc":{"start":{"line":35,"column":12},"end":{"line":36,"column":56}},"type":"if","locations":[{"start":{"line":35,"column":12},"end":{"line":36,"column":56}},{"start":{"line":36,"column":17},"end":{"line":36,"column":56}}],"line":35},"4":{"loc":{"start":{"line":35,"column":16},"end":{"line":35,"column":77}},"type":"binary-expr","locations":[{"start":{"line":35,"column":16},"end":{"line":35,"column":48}},{"start":{"line":35,"column":52},"end":{"line":35,"column":77}}],"line":35},"5":{"loc":{"start":{"line":40,"column":45},"end":{"line":40,"column":115}},"type":"cond-expr","locations":[{"start":{"line":40,"column":72},"end":{"line":40,"column":96}},{"start":{"line":40,"column":99},"end":{"line":40,"column":115}}],"line":40},"6":{"loc":{"start":{"line":87,"column":15},"end":{"line":98,"column":15}},"type":"cond-expr","locations":[{"start":{"line":89,"column":16},"end":{"line":95,"column":18}},{"start":{"line":97,"column":16},"end":{"line":97,"column":18}}],"line":87},"7":{"loc":{"start":{"line":87,"column":15},"end":{"line":88,"column":53}},"type":"binary-expr","locations":[{"start":{"line":87,"column":15},"end":{"line":87,"column":37}},{"start":{"line":88,"column":14},"end":{"line":88,"column":53}}],"line":87},"8":{"loc":{"start":{"line":103,"column":16},"end":{"line":104,"column":68}},"type":"binary-expr","locations":[{"start":{"line":103,"column":16},"end":{"line":103,"column":38}},{"start":{"line":104,"column":16},"end":{"line":104,"column":68}}],"line":103}},"s":{"0":1,"1":7,"2":7,"3":7,"4":7,"5":2,"6":2,"7":2,"8":2,"9":2,"10":2,"11":2,"12":2,"13":2,"14":1,"15":1,"16":1,"17":1,"18":0,"19":1,"20":1,"21":2,"22":7},"f":{"0":7,"1":2,"2":1,"3":1},"b":{"0":[2,0],"1":[2,2,2],"2":[1,0],"3":[0,1],"4":[1,1],"5":[1,0],"6":[2,5],"7":[7,7],"8":[7,7]},"_coverageSchema":"1a1c01bbd47fc00a2c39e90264f33305004495a9","hash":"cc078c5396bd8bf9438b011ecae60f9518a84b9e"}
,"/home/debian/data/Robert-Apollo-Udemy/mern-stack/frontend/src/utils/exampleComponent.js": {"path":"/home/debian/data/Robert-Apollo-Udemy/mern-stack/frontend/src/utils/exampleComponent.js","statementMap":{"0":{"start":{"line":3,"column":16},"end":{"line":14,"column":1}},"1":{"start":{"line":4,"column":28},"end":{"line":4,"column":45}},"2":{"start":{"line":5,"column":20},"end":{"line":5,"column":48}},"3":{"start":{"line":5,"column":26},"end":{"line":5,"column":48}},"4":{"start":{"line":5,"column":42},"end":{"line":5,"column":47}},"5":{"start":{"line":6,"column":20},"end":{"line":6,"column":48}},"6":{"start":{"line":6,"column":26},"end":{"line":6,"column":48}},"7":{"start":{"line":6,"column":42},"end":{"line":6,"column":47}},"8":{"start":{"line":7,"column":2},"end":{"line":13,"column":4}}},"fnMap":{"0":{"name":"(anonymous_0)","decl":{"start":{"line":3,"column":16},"end":{"line":3,"column":17}},"loc":{"start":{"line":3,"column":22},"end":{"line":14,"column":1}},"line":3},"1":{"name":"(anonymous_1)","decl":{"start":{"line":5,"column":20},"end":{"line":5,"column":21}},"loc":{"start":{"line":5,"column":26},"end":{"line":5,"column":48}},"line":5},"2":{"name":"(anonymous_2)","decl":{"start":{"line":5,"column":35},"end":{"line":5,"column":36}},"loc":{"start":{"line":5,"column":42},"end":{"line":5,"column":47}},"line":5},"3":{"name":"(anonymous_3)","decl":{"start":{"line":6,"column":20},"end":{"line":6,"column":21}},"loc":{"start":{"line":6,"column":26},"end":{"line":6,"column":48}},"line":6},"4":{"name":"(anonymous_4)","decl":{"start":{"line":6,"column":35},"end":{"line":6,"column":36}},"loc":{"start":{"line":6,"column":42},"end":{"line":6,"column":47}},"line":6}},"branchMap":{},"s":{"0":1,"1":6,"2":6,"3":1,"4":1,"5":6,"6":4,"7":4,"8":6},"f":{"0":6,"1":1,"2":1,"3":4,"4":4},"b":{},"_coverageSchema":"1a1c01bbd47fc00a2c39e90264f33305004495a9","hash":"8a930b66da32aeee7e122523d6cbf7eac72c978c"}
,"/home/debian/data/Robert-Apollo-Udemy/mern-stack/frontend/src/utils/exampleModule.js": {"path":"/home/debian/data/Robert-Apollo-Udemy/mern-stack/frontend/src/utils/exampleModule.js","statementMap":{"0":{"start":{"line":2,"column":4},"end":{"line":2,"column":17}},"1":{"start":{"line":4,"column":0},"end":{"line":4,"column":21}}},"fnMap":{"0":{"name":"sum","decl":{"start":{"line":1,"column":9},"end":{"line":1,"column":12}},"loc":{"start":{"line":1,"column":19},"end":{"line":3,"column":1}},"line":1}},"branchMap":{},"s":{"0":1,"1":1},"f":{"0":1},"b":{},"_coverageSchema":"1a1c01bbd47fc00a2c39e90264f33305004495a9","hash":"c55454e71ee48561b942d25c681da48aaa2fac09"}
}
