TN:
SF:src/pages/HomePage.js
FN:5,(anonymous_0)
FN:10,(anonymous_1)
FN:12,(anonymous_2)
FNF:3
FNH:2
FNDA:1,(anonymous_0)
FNDA:1,(anonymous_1)
FNDA:0,(anonymous_2)
DA:5,1
DA:6,1
DA:7,1
DA:10,1
DA:12,1
DA:14,1
LF:6
LH:6
BRF:0
BRH:0
end_of_record
TN:
SF:src/pages/admin/AdminChatsPage.js
FN:7,(anonymous_0)
FN:8,(anonymous_1)
FN:17,(anonymous_2)
FNF:3
FNH:2
FNDA:2,(anonymous_0)
FNDA:0,(anonymous_1)
FNDA:2,(anonymous_2)
DA:7,1
DA:8,2
DA:10,2
DA:18,2
LF:4
LH:4
BRF:0
BRH:0
end_of_record
TN:
SF:src/pages/components/HomePageComponent.js
FN:8,(anonymous_0)
FN:14,(anonymous_1)
FN:16,(anonymous_2)
FN:19,(anonymous_3)
FN:23,(anonymous_4)
FN:23,(anonymous_5)
FN:32,(anonymous_6)
FNF:7
FNH:5
FNDA:9,(anonymous_0)
FNDA:3,(anonymous_1)
FNDA:2,(anonymous_2)
FNDA:1,(anonymous_3)
FNDA:3,(anonymous_4)
FNDA:0,(anonymous_5)
FNDA:0,(anonymous_6)
DA:8,2
DA:10,9
DA:11,9
DA:12,9
DA:14,9
DA:15,3
DA:17,2
DA:20,1
DA:21,1
DA:23,3
DA:26,9
DA:33,0
LF:12
LH:11
BRDA:20,0,0,1
BRDA:20,0,1,0
BRDA:21,1,0,1
BRDA:21,1,1,0
BRF:4
BRH:2
end_of_record
TN:
SF:src/pages/components/LoginPageComponent.js
FN:6,(anonymous_0)
FN:16,(anonymous_1)
FN:28,(anonymous_2)
FN:39,(anonymous_3)
FNF:4
FNH:4
FNDA:7,(anonymous_0)
FNDA:2,(anonymous_1)
FNDA:1,(anonymous_2)
FNDA:1,(anonymous_3)
DA:6,1
DA:7,7
DA:8,7
DA:14,7
DA:16,7
DA:17,2
DA:18,2
DA:19,2
DA:21,2
DA:22,2
DA:23,2
DA:25,2
DA:26,2
DA:27,2
DA:29,1
DA:31,1
DA:32,1
DA:35,1
DA:36,1
DA:40,1
DA:44,2
DA:47,7
LF:22
LH:22
BRDA:25,0,0,2
BRDA:25,0,1,0
BRDA:25,1,0,2
BRDA:25,1,1,2
BRDA:25,1,2,2
BRDA:31,2,0,1
BRDA:31,2,1,0
BRDA:35,3,0,0
BRDA:35,3,1,1
BRDA:35,4,0,1
BRDA:35,4,1,1
BRDA:40,5,0,1
BRDA:40,5,1,0
BRDA:87,6,0,2
BRDA:87,6,1,5
BRDA:87,7,0,7
BRDA:87,7,1,7
BRDA:103,8,0,7
BRDA:103,8,1,7
BRF:19
BRH:15
end_of_record
TN:
SF:src/utils/exampleComponent.js
FN:3,(anonymous_0)
FN:5,(anonymous_1)
FN:5,(anonymous_2)
FN:6,(anonymous_3)
FN:6,(anonymous_4)
FNF:5
FNH:5
FNDA:6,(anonymous_0)
FNDA:1,(anonymous_1)
FNDA:1,(anonymous_2)
FNDA:4,(anonymous_3)
FNDA:4,(anonymous_4)
DA:3,1
DA:4,6
DA:5,6
DA:6,6
DA:7,6
LF:5
LH:5
BRF:0
BRH:0
end_of_record
TN:
SF:src/utils/exampleModule.js
FN:1,sum
FNF:1
FNH:1
FNDA:1,sum
DA:2,1
DA:4,1
LF:2
LH:2
BRF:0
BRH:0
end_of_record
